<?xml version="1.0" encoding="UTF-8"?>
<testsuite xmlns:xsi="http://www.w3.org/2001/XMLSchema-instance" xsi:noNamespaceSchemaLocation="https://maven.apache.org/surefire/maven-surefire-plugin/xsd/surefire-test-report.xsd" name="shizhan.zk.myzookeeper.AppTest" time="0.026" tests="1" errors="0" skipped="0" failures="0">
  <properties>
    <property name="user.variant" value=""/>
    <property name="java.vm.info" value="mixed mode"/>
    <property name="file.encoding.pkg" value="sun.io"/>
    <property name="file.encoding" value="GBK"/>
    <property name="java.specification.name" value="Java Platform API Specification"/>
    <property name="sun.os.patch.level" value=""/>
    <property name="user.dir" value="D:\Workspaces\MyEclipse 10\myzookeeper"/>
    <property name="line.separator" value="&#10;"/>
    <property name="java.home" value="D:\Software\Java\jdk1.7.0_80\jre"/>
    <property name="user.name" value="PC"/>
    <property name="sun.boot.library.path" value="D:\Software\Java\jdk1.7.0_80\jre\bin"/>
    <property name="user.home" value="C:\Users\PC"/>
    <property name="localRepository" value="C:\Users\PC\.m2\repository"/>
    <property name="sun.java.launcher" value="SUN_STANDARD"/>
    <property name="java.class.version" value="51.0"/>
    <property name="user.language" value="zh"/>
    <property name="java.vendor.url.bug" value="http://bugreport.sun.com/bugreport/"/>
    <property name="sun.jnu.encoding" value="GBK"/>
    <property name="java.io.tmpdir" value="C:\Users\PC\AppData\Local\Temp\"/>
    <property name="java.specification.vendor" value="Oracle Corporation"/>
    <property name="file.separator" value="\"/>
    <property name="java.class.path" value="D:\Workspaces\MyEclipse 10\myzookeeper\target\test-classes;D:\Workspaces\MyEclipse 10\myzookeeper\target\classes;C:\Users\PC\.m2\repository\junit\junit\4.11\junit-4.11.jar;C:\Users\PC\.m2\repository\org\hamcrest\hamcrest-core\1.3\hamcrest-core-1.3.jar;C:\Users\PC\.m2\repository\org\apache\zookeeper\zookeeper\3.4.5\zookeeper-3.4.5.jar;C:\Users\PC\.m2\repository\org\slf4j\slf4j-api\1.6.1\slf4j-api-1.6.1.jar;C:\Users\PC\.m2\repository\org\slf4j\slf4j-log4j12\1.6.1\slf4j-log4j12-1.6.1.jar;C:\Users\PC\.m2\repository\jline\jline\0.9.94\jline-0.9.94.jar;C:\Users\PC\.m2\repository\org\jboss\netty\netty\3.2.2.Final\netty-3.2.2.Final.jar;C:\Users\PC\.m2\repository\log4j\log4j\1.2.15\log4j-1.2.15.jar;C:\Users\PC\.m2\repository\javax\mail\mail\1.4\mail-1.4.jar;C:\Users\PC\.m2\repository\javax\activation\activation\1.1\activation-1.1.jar;"/>
    <property name="java.vm.vendor" value="Oracle Corporation"/>
    <property name="sun.cpu.endian" value="little"/>
    <property name="java.vm.specification.vendor" value="Oracle Corporation"/>
    <property name="java.specification.version" value="1.7"/>
    <property name="user.script" value=""/>
    <property name="awt.toolkit" value="sun.awt.windows.WToolkit"/>
    <property name="sun.java.command" value="C:\Users\PC\AppData\Local\Temp\surefire2414084973077962141\surefirebooter3469083457162634091.jar C:\Users\PC\AppData\Local\Temp\surefire2414084973077962141 2019-03-28T11-55-56_840-jvmRun1 surefire8265150229313163425tmp surefire_08298712767313833995tmp"/>
    <property name="user.timezone" value="Asia/Shanghai"/>
    <property name="surefire.test.class.path" value="D:\Workspaces\MyEclipse 10\myzookeeper\target\test-classes;D:\Workspaces\MyEclipse 10\myzookeeper\target\classes;C:\Users\PC\.m2\repository\junit\junit\4.11\junit-4.11.jar;C:\Users\PC\.m2\repository\org\hamcrest\hamcrest-core\1.3\hamcrest-core-1.3.jar;C:\Users\PC\.m2\repository\org\apache\zookeeper\zookeeper\3.4.5\zookeeper-3.4.5.jar;C:\Users\PC\.m2\repository\org\slf4j\slf4j-api\1.6.1\slf4j-api-1.6.1.jar;C:\Users\PC\.m2\repository\org\slf4j\slf4j-log4j12\1.6.1\slf4j-log4j12-1.6.1.jar;C:\Users\PC\.m2\repository\jline\jline\0.9.94\jline-0.9.94.jar;C:\Users\PC\.m2\repository\org\jboss\netty\netty\3.2.2.Final\netty-3.2.2.Final.jar;C:\Users\PC\.m2\repository\log4j\log4j\1.2.15\log4j-1.2.15.jar;C:\Users\PC\.m2\repository\javax\mail\mail\1.4\mail-1.4.jar;C:\Users\PC\.m2\repository\javax\activation\activation\1.1\activation-1.1.jar;"/>
    <property name="java.runtime.version" value="1.7.0_80-b15"/>
    <property name="java.vendor" value="Oracle Corporation"/>
    <property name="sun.management.compiler" value="HotSpot 64-Bit Tiered Compilers"/>
    <property name="sun.arch.data.model" value="64"/>
    <property name="os.arch" value="amd64"/>
    <property name="sun.io.unicode.encoding" value="UnicodeLittle"/>
    <property name="java.awt.printerjob" value="sun.awt.windows.WPrinterJob"/>
    <property name="path.separator" value=";"/>
    <property name="java.runtime.name" value="Java(TM) SE Runtime Environment"/>
    <property name="java.vendor.url" value="http://java.oracle.com/"/>
    <property name="sun.boot.class.path" value="D:\Software\Java\jdk1.7.0_80\jre\lib\resources.jar;D:\Software\Java\jdk1.7.0_80\jre\lib\rt.jar;D:\Software\Java\jdk1.7.0_80\jre\lib\sunrsasign.jar;D:\Software\Java\jdk1.7.0_80\jre\lib\jsse.jar;D:\Software\Java\jdk1.7.0_80\jre\lib\jce.jar;D:\Software\Java\jdk1.7.0_80\jre\lib\charsets.jar;D:\Software\Java\jdk1.7.0_80\jre\lib\jfr.jar;D:\Software\Java\jdk1.7.0_80\jre\classes"/>
    <property name="surefire.real.class.path" value="C:\Users\PC\AppData\Local\Temp\surefire2414084973077962141\surefirebooter3469083457162634091.jar"/>
    <property name="java.endorsed.dirs" value="D:\Software\Java\jdk1.7.0_80\jre\lib\endorsed"/>
    <property name="sun.desktop" value="windows"/>
    <property name="java.vm.version" value="24.80-b11"/>
    <property name="os.name" value="Windows 8.1"/>
    <property name="java.vm.specification.version" value="1.7"/>
    <property name="sun.cpu.isalist" value="amd64"/>
    <property name="java.version" value="1.7.0_80"/>
    <property name="java.vm.specification.name" value="Java Virtual Machine Specification"/>
    <property name="java.ext.dirs" value="D:\Software\Java\jdk1.7.0_80\jre\lib\ext;C:\WINDOWS\Sun\Java\lib\ext"/>
    <property name="os.version" value="6.3"/>
    <property name="basedir" value="D:\Workspaces\MyEclipse 10\myzookeeper"/>
    <property name="java.library.path" value="D:\Software\Java\jdk1.7.0_80\jre\bin;C:\WINDOWS\Sun\Java\bin;C:\WINDOWS\system32;C:\WINDOWS;C:\Program Files (x86)\Intel\iCLS Client\;C:\Program Files\Intel\iCLS Client\;C:\Windows\system32;C:\Windows;C:\Windows\System32\Wbem;C:\Windows\System32\WindowsPowerShell\v1.0\;C:\Program Files (x86)\Intel\Intel(R) Management Engine Components\DAL;C:\Program Files\Intel\Intel(R) Management Engine Components\DAL;C:\Program Files (x86)\Intel\Intel(R) Management Engine Components\IPT;C:\Program Files\Intel\Intel(R) Management Engine Components\IPT;C:\Program Files (x86)\NVIDIA Corporation\PhysX\Common;%SystemRoot%\system32;%SystemRoot%;%SystemRoot%\System32\Wbem;%SYSTEMROOT%\System32\WindowsPowerShell\v1.0\;%SYSTEMROOT%\System32\OpenSSH\;C:\Users\PC\AppData\Local\Microsoft\WindowsApps;;."/>
    <property name="java.awt.graphicsenv" value="sun.awt.Win32GraphicsEnvironment"/>
    <property name="java.vm.name" value="Java HotSpot(TM) 64-Bit Server VM"/>
    <property name="user.country" value="CN"/>
  </properties>
  <testcase name="shouldAnswerWithTrue" classname="shizhan.zk.myzookeeper.AppTest" time="0.001"/>
</testsuite>